0 info it worked if it ends with ok
1 verbose cli [ 'node', '/usr/local/bin/npm', 'run', 'server' ]
2 info using npm@2.1.17
3 info using node@v0.10.35
4 verbose node symlink /usr/local/bin/node
5 verbose run-script [ 'preserver', 'server', 'postserver' ]
6 info preserver wesley.so-website@
7 info server wesley.so-website@
8 verbose unsafe-perm in lifecycle true
9 info wesley.so-website@ Failed to exec server script
10 verbose stack Error: wesley.so-website@ server: `node server.js`
10 verbose stack Exit status 8
10 verbose stack     at EventEmitter.<anonymous> (/usr/local/lib/node_modules/npm/lib/utils/lifecycle.js:212:16)
10 verbose stack     at EventEmitter.emit (events.js:98:17)
10 verbose stack     at ChildProcess.<anonymous> (/usr/local/lib/node_modules/npm/lib/utils/spawn.js:14:12)
10 verbose stack     at ChildProcess.emit (events.js:98:17)
10 verbose stack     at maybeClose (child_process.js:766:16)
10 verbose stack     at Process.ChildProcess._handle.onexit (child_process.js:833:5)
11 verbose pkgid wesley.so-website@
12 verbose cwd /Users/wesley/Sites/GitHub/wesley.so
13 error Darwin 14.1.0
14 error argv "node" "/usr/local/bin/npm" "run" "server"
15 error node v0.10.35
16 error npm  v2.1.17
17 error code ELIFECYCLE
18 error wesley.so-website@ server: `node server.js`
18 error Exit status 8
19 error Failed at the wesley.so-website@ server script 'node server.js'.
19 error This is most likely a problem with the wesley.so-website package,
19 error not with npm itself.
19 error Tell the author that this fails on your system:
19 error     node server.js
19 error You can get their info via:
19 error     npm owner ls wesley.so-website
19 error There is likely additional logging output above.
20 verbose exit [ 1, true ]
